#-----------------------------------------------------------
# Vivado v2019.2 (64-bit)
# SW Build 2708876 on Wed Nov  6 21:40:23 MST 2019
# IP Build 2700528 on Thu Nov  7 00:09:20 MST 2019
# Start of session at: Mon Nov  7 20:18:54 2022
# Process ID: 17624
# Current directory: D:/GGD_work/program/match/img_camera_ov5640_720p_cute
# Command line: vivado.exe -gui_launcher_event rodinguilauncherevent20128 D:\GGD_work\program\match\img_camera_ov5640_720p_cute\mig_ddr.xpr
# Log file: D:/GGD_work/program/match/img_camera_ov5640_720p_cute/vivado.log
# Journal file: D:/GGD_work/program/match/img_camera_ov5640_720p_cute\vivado.jou
#-----------------------------------------------------------
start_gui
open_project D:/GGD_work/program/match/img_camera_ov5640_720p_cute/mig_ddr.xpr
INFO: [Project 1-313] Project file moved from 'D:/img_camera_ov5640_720p_cute' since last save.
Scanning sources...
Finished scanning sources
INFO: [IP_Flow 19-234] Refreshing IP repositories
INFO: [IP_Flow 19-1700] Loaded user IP repository 'd:/GGD_work/program/match/img_camera_ov5640_720p_cute/uisrc/key_ip'.
INFO: [IP_Flow 19-2313] Loaded Vivado IP repository 'F:/vivado2019_2/Vivado/2019.2/data/ip'.
open_project: Time (s): cpu = 00:00:24 ; elapsed = 00:00:27 . Memory (MB): peak = 1056.953 ; gain = 427.422
update_compile_order -fileset sources_1
exit
INFO: [Common 17-206] Exiting Vivado at Tue Nov  8 20:57:43 2022...
