#-----------------------------------------------------------
# Vivado v2019.2 (64-bit)
# SW Build 2708876 on Wed Nov  6 21:40:23 MST 2019
# IP Build 2700528 on Thu Nov  7 00:09:20 MST 2019
# Start of session at: Thu Oct 27 10:32:29 2022
# Process ID: 10052
# Current directory: D:/GGD_work/program/match/img_camera_ov5640_720p
# Command line: vivado.exe -gui_launcher_event rodinguilauncherevent16680 D:\GGD_work\program\match\img_camera_ov5640_720p\mig_ddr.xpr
# Log file: D:/GGD_work/program/match/img_camera_ov5640_720p/vivado.log
# Journal file: D:/GGD_work/program/match/img_camera_ov5640_720p\vivado.jou
#-----------------------------------------------------------
start_gui
open_project D:/GGD_work/program/match/img_camera_ov5640_720p/mig_ddr.xpr
Scanning sources...
Finished scanning sources
INFO: [IP_Flow 19-234] Refreshing IP repositories
INFO: [IP_Flow 19-1700] Loaded user IP repository 'd:/GGD_work/program/match/img_camera_ov5640_720p/uisrc/key_ip'.
INFO: [IP_Flow 19-2313] Loaded Vivado IP repository 'F:/vivado2019_2/Vivado/2019.2/data/ip'.
open_project: Time (s): cpu = 00:00:22 ; elapsed = 00:00:25 . Memory (MB): peak = 1048.414 ; gain = 363.883
update_compile_order -fileset sources_1
open_hw_manager
connect_hw_server -allow_non_jtag
INFO: [Labtools 27-2285] Connecting to hw_server url TCP:localhost:3121
ERROR: [Xicom 50-198] Cannot support out-of-date hw_server.  Update to the latest hw_server.
ERROR: [Labtools 27-3461] Cannot support an older version of hw_server.
ERROR: [Common 17-39] 'connect_hw_server' failed due to earlier errors.
connect_hw_server -allow_non_jtag
INFO: [Labtools 27-2285] Connecting to hw_server url TCP:localhost:3121
ERROR: [Xicom 50-198] Cannot support out-of-date hw_server.  Update to the latest hw_server.
ERROR: [Labtools 27-3461] Cannot support an older version of hw_server.
ERROR: [Common 17-39] 'connect_hw_server' failed due to earlier errors.
connect_hw_server -allow_non_jtag
INFO: [Labtools 27-2285] Connecting to hw_server url TCP:localhost:3121
ERROR: [Xicom 50-198] Cannot support out-of-date hw_server.  Update to the latest hw_server.
ERROR: [Labtools 27-3461] Cannot support an older version of hw_server.
ERROR: [Common 17-39] 'connect_hw_server' failed due to earlier errors.
connect_hw_server -allow_non_jtag
INFO: [Labtools 27-2285] Connecting to hw_server url TCP:localhost:3121
ERROR: [Xicom 50-198] Cannot support out-of-date hw_server.  Update to the latest hw_server.
ERROR: [Labtools 27-3461] Cannot support an older version of hw_server.
ERROR: [Common 17-39] 'connect_hw_server' failed due to earlier errors.
connect_hw_server -allow_non_jtag
INFO: [Labtools 27-2285] Connecting to hw_server url TCP:localhost:3121
ERROR: [Xicom 50-198] Cannot support out-of-date hw_server.  Update to the latest hw_server.
ERROR: [Labtools 27-3461] Cannot support an older version of hw_server.
ERROR: [Common 17-39] 'connect_hw_server' failed due to earlier errors.
connect_hw_server -allow_non_jtag
INFO: [Labtools 27-2285] Connecting to hw_server url TCP:localhost:3121
ERROR: [Xicom 50-198] Cannot support out-of-date hw_server.  Update to the latest hw_server.
ERROR: [Labtools 27-3461] Cannot support an older version of hw_server.
ERROR: [Common 17-39] 'connect_hw_server' failed due to earlier errors.
connect_hw_server -allow_non_jtag
INFO: [Labtools 27-2285] Connecting to hw_server url TCP:localhost:3121
ERROR: [Xicom 50-198] Cannot support out-of-date hw_server.  Update to the latest hw_server.
ERROR: [Labtools 27-3461] Cannot support an older version of hw_server.
ERROR: [Common 17-39] 'connect_hw_server' failed due to earlier errors.
connect_hw_server -allow_non_jtag
INFO: [Labtools 27-2285] Connecting to hw_server url TCP:localhost:3121
ERROR: [Xicom 50-198] Cannot support out-of-date hw_server.  Update to the latest hw_server.
ERROR: [Labtools 27-3461] Cannot support an older version of hw_server.
ERROR: [Common 17-39] 'connect_hw_server' failed due to earlier errors.
connect_hw_server -allow_non_jtag
INFO: [Labtools 27-2285] Connecting to hw_server url TCP:localhost:3121
ERROR: [Xicom 50-198] Cannot support out-of-date hw_server.  Update to the latest hw_server.
ERROR: [Labtools 27-3461] Cannot support an older version of hw_server.
ERROR: [Common 17-39] 'connect_hw_server' failed due to earlier errors.
connect_hw_server -allow_non_jtag
INFO: [Labtools 27-2285] Connecting to hw_server url TCP:localhost:3121
ERROR: [Xicom 50-198] Cannot support out-of-date hw_server.  Update to the latest hw_server.
ERROR: [Labtools 27-3461] Cannot support an older version of hw_server.
ERROR: [Common 17-39] 'connect_hw_server' failed due to earlier errors.
exit
INFO: [Common 17-206] Exiting Vivado at Thu Oct 27 10:41:16 2022...
