#-----------------------------------------------------------
# Vivado v2019.2 (64-bit)
# SW Build 2708876 on Wed Nov  6 21:40:23 MST 2019
# IP Build 2700528 on Thu Nov  7 00:09:20 MST 2019
# Start of session at: Sat Nov  5 18:20:38 2022
# Process ID: 6360
# Current directory: D:/FPGA_learn/FPGA_match/img_camera_ov5640_720p_cute
# Command line: vivado.exe -gui_launcher_event rodinguilauncherevent15840 D:\FPGA_learn\FPGA_match\img_camera_ov5640_720p_cute\mig_ddr.xpr
# Log file: D:/FPGA_learn/FPGA_match/img_camera_ov5640_720p_cute/vivado.log
# Journal file: D:/FPGA_learn/FPGA_match/img_camera_ov5640_720p_cute\vivado.jou
#-----------------------------------------------------------
start_gui
open_project D:/FPGA_learn/FPGA_match/img_camera_ov5640_720p_cute/mig_ddr.xpr
INFO: [Project 1-313] Project file moved from 'D:/FPGA_learn/FPGA_match/img_camera_ov5640_720p' since last save.
Scanning sources...
Finished scanning sources
INFO: [IP_Flow 19-234] Refreshing IP repositories
INFO: [IP_Flow 19-1700] Loaded user IP repository 'd:/FPGA_learn/FPGA_match/img_camera_ov5640_720p_cute/uisrc/key_ip'.
INFO: [IP_Flow 19-2313] Loaded Vivado IP repository 'D:/software/vivado2019/Vivado/2019.2/data/ip'.
open_project: Time (s): cpu = 00:00:20 ; elapsed = 00:00:13 . Memory (MB): peak = 1118.059 ; gain = 344.777
update_compile_order -fileset sources_1
set_property -dict [list CONFIG.C_PROBE_OUT11_INIT_VAL {16'D1000} CONFIG.C_PROBE_OUT10_INIT_VAL {16'D1500} CONFIG.C_PROBE_OUT11_WIDTH {16} CONFIG.C_PROBE_OUT10_WIDTH {16} CONFIG.C_NUM_PROBE_OUT {13}] [get_ips vio_4]
generate_target all [get_files  D:/FPGA_learn/FPGA_match/img_camera_ov5640_720p_cute/mig_ddr.srcs/sources_1/ip/vio_4/vio_4.xci]
INFO: [IP_Flow 19-1686] Generating 'Instantiation Template' target for IP 'vio_4'...
INFO: [IP_Flow 19-1686] Generating 'Synthesis' target for IP 'vio_4'...
INFO: [IP_Flow 19-1686] Generating 'Simulation' target for IP 'vio_4'...
INFO: [IP_Flow 19-1686] Generating 'Change Log' target for IP 'vio_4'...
catch { config_ip_cache -export [get_ips -all vio_4] }
export_ip_user_files -of_objects [get_files D:/FPGA_learn/FPGA_match/img_camera_ov5640_720p_cute/mig_ddr.srcs/sources_1/ip/vio_4/vio_4.xci] -no_script -sync -force -quiet
reset_run vio_4_synth_1
launch_runs -jobs 16 vio_4_synth_1
[Sat Nov  5 18:42:00 2022] Launched vio_4_synth_1...
Run output will be captured here: D:/FPGA_learn/FPGA_match/img_camera_ov5640_720p_cute/mig_ddr.runs/vio_4_synth_1/runme.log
export_simulation -of_objects [get_files D:/FPGA_learn/FPGA_match/img_camera_ov5640_720p_cute/mig_ddr.srcs/sources_1/ip/vio_4/vio_4.xci] -directory D:/FPGA_learn/FPGA_match/img_camera_ov5640_720p_cute/mig_ddr.ip_user_files/sim_scripts -ip_user_files_dir D:/FPGA_learn/FPGA_match/img_camera_ov5640_720p_cute/mig_ddr.ip_user_files -ipstatic_source_dir D:/FPGA_learn/FPGA_match/img_camera_ov5640_720p_cute/mig_ddr.ip_user_files/ipstatic -lib_map_path [list {modelsim=D:/FPGA_learn/FPGA_match/img_camera_ov5640_720p_cute/mig_ddr.cache/compile_simlib/modelsim} {questa=D:/FPGA_learn/FPGA_match/img_camera_ov5640_720p_cute/mig_ddr.cache/compile_simlib/questa} {riviera=D:/FPGA_learn/FPGA_match/img_camera_ov5640_720p_cute/mig_ddr.cache/compile_simlib/riviera} {activehdl=D:/FPGA_learn/FPGA_match/img_camera_ov5640_720p_cute/mig_ddr.cache/compile_simlib/activehdl}] -use_ip_compiled_libs -force -quiet
reset_run synth_1
launch_runs impl_1 -to_step write_bitstream -jobs 16
[Sat Nov  5 18:44:10 2022] Launched synth_1...
Run output will be captured here: D:/FPGA_learn/FPGA_match/img_camera_ov5640_720p_cute/mig_ddr.runs/synth_1/runme.log
[Sat Nov  5 18:44:10 2022] Launched impl_1...
Run output will be captured here: D:/FPGA_learn/FPGA_match/img_camera_ov5640_720p_cute/mig_ddr.runs/impl_1/runme.log
reset_run synth_1
open_hw_manager
close_hw_manager
launch_runs impl_1 -to_step write_bitstream -jobs 16
[Sat Nov  5 18:45:50 2022] Launched synth_1...
Run output will be captured here: D:/FPGA_learn/FPGA_match/img_camera_ov5640_720p_cute/mig_ddr.runs/synth_1/runme.log
[Sat Nov  5 18:45:50 2022] Launched impl_1...
Run output will be captured here: D:/FPGA_learn/FPGA_match/img_camera_ov5640_720p_cute/mig_ddr.runs/impl_1/runme.log
reset_run impl_1
reset_run synth_1
launch_runs impl_1 -to_step write_bitstream -jobs 16
[Sat Nov  5 19:00:55 2022] Launched synth_1...
Run output will be captured here: D:/FPGA_learn/FPGA_match/img_camera_ov5640_720p_cute/mig_ddr.runs/synth_1/runme.log
[Sat Nov  5 19:00:55 2022] Launched impl_1...
Run output will be captured here: D:/FPGA_learn/FPGA_match/img_camera_ov5640_720p_cute/mig_ddr.runs/impl_1/runme.log
open_hw_manager
connect_hw_server -allow_non_jtag
INFO: [Labtools 27-2285] Connecting to hw_server url TCP:localhost:3121
INFO: [Labtools 27-3415] Connecting to cs_server url TCP:localhost:3042
INFO: [Labtools 27-3414] Connected to existing cs_server.
open_hw_target
INFO: [Labtoolstcl 44-466] Opening hw_target localhost:3121/xilinx_tcf/Digilent/210249860360
set_property PROGRAM.FILE {D:/FPGA_learn/FPGA_match/img_camera_ov5640_720p_cute/mig_ddr.runs/impl_1/img_3buf_ov5640.bit} [get_hw_devices xc7k325t_0]
set_property PROBES.FILE {D:/FPGA_learn/FPGA_match/img_camera_ov5640_720p_cute/mig_ddr.runs/impl_1/img_3buf_ov5640.ltx} [get_hw_devices xc7k325t_0]
set_property FULL_PROBES.FILE {D:/FPGA_learn/FPGA_match/img_camera_ov5640_720p_cute/mig_ddr.runs/impl_1/img_3buf_ov5640.ltx} [get_hw_devices xc7k325t_0]
current_hw_device [get_hw_devices xc7k325t_0]
refresh_hw_device [lindex [get_hw_devices xc7k325t_0] 0]
INFO: [Labtools 27-2302] Device xc7k325t (JTAG device index = 0) is programmed with a design that has 3 ILA core(s).
INFO: [Labtools 27-2302] Device xc7k325t (JTAG device index = 0) is programmed with a design that has 4 VIO core(s).
WARNING: [Labtools 27-3413] Dropping logic core with cellname:'nolabel_line377' at location 'uuid_A685D1AED23657E98960F7EF485A3A87' from probes file, since it cannot be found on the programmed device.
WARNING: [Labtools 27-1974] Mismatch between the design programmed into the device xc7k325t_0 and the probes file(s) D:/FPGA_learn/FPGA_match/img_camera_ov5640_720p_cute/mig_ddr.runs/impl_1/img_3buf_ov5640.ltx.
The device design has 3 ILA core(s) and 4 VIO core(s). 3 ILA core(s) and 3 VIO core(s) are matched in the probes file(s).
Resolution: 
1. Reprogram device with the correct programming file and associated probes file(s) OR
2. Goto device properties and associate the correct probes file(s) with the programming file already programmed in the device.
refresh_hw_device: Time (s): cpu = 00:00:16 ; elapsed = 00:00:07 . Memory (MB): peak = 2719.707 ; gain = 109.695
set_property PROBES.FILE {D:/FPGA_learn/FPGA_match/img_camera_ov5640_720p_cute/mig_ddr.runs/impl_1/img_3buf_ov5640.ltx} [get_hw_devices xc7k325t_0]
set_property FULL_PROBES.FILE {D:/FPGA_learn/FPGA_match/img_camera_ov5640_720p_cute/mig_ddr.runs/impl_1/img_3buf_ov5640.ltx} [get_hw_devices xc7k325t_0]
set_property PROGRAM.FILE {D:/FPGA_learn/FPGA_match/img_camera_ov5640_720p_cute/mig_ddr.runs/impl_1/img_3buf_ov5640.bit} [get_hw_devices xc7k325t_0]
program_hw_devices [get_hw_devices xc7k325t_0]
INFO: [Labtools 27-3164] End of startup status: HIGH
refresh_hw_device [lindex [get_hw_devices xc7k325t_0] 0]
INFO: [Labtools 27-2302] Device xc7k325t (JTAG device index = 0) is programmed with a design that has 3 ILA core(s).
INFO: [Labtools 27-2302] Device xc7k325t (JTAG device index = 0) is programmed with a design that has 4 VIO core(s).
INFO: [Labtools 27-1967] Uploading output probe values from VIO core [hw_vio_3], for hw_probes which did not have this property set
WARNING: [Labtools 27-1952] VIO hw_probe OUTPUT_VALUE properties for hw_vio(s) [hw_vio_4] differ from output values in the VIO core(s).
Resolution: 
To synchronize the hw_probes properties and the VIO core outputs choose one of the following alternatives:
  1) Execute the command 'Commit Output Values to VIO Core', to write down the hw_probe values to the core.
  2) Execute the command 'Refresh Input and Output Values from VIO Core', to update the hw_probe properties with the core values.
  3) First restore initial values in the core with the command 'Reset VIO Core Outputs', and then execute the command 'Refresh Input and Output Values from VIO Core'.
display_hw_ila_data [ get_hw_ila_data hw_ila_data_1 -of_objects [get_hw_ilas -of_objects [get_hw_devices xc7k325t_0] -filter {CELL_NAME=~"MONITOR_INST/ila666"}]]
display_hw_ila_data [ get_hw_ila_data hw_ila_data_2 -of_objects [get_hw_ilas -of_objects [get_hw_devices xc7k325t_0] -filter {CELL_NAME=~"protpg_inst/ila223"}]]
display_hw_ila_data [ get_hw_ila_data hw_ila_data_3 -of_objects [get_hw_ilas -of_objects [get_hw_devices xc7k325t_0] -filter {CELL_NAME=~"uitpg_inst/ila123"}]]
WARNING: Simulation object protpg_inst/data_in was not found in the design.
WARNING: Simulation object protpg_inst/hsv_v was not found in the design.
WARNING: Simulation object protpg_inst/hsv_s was not found in the design.
WARNING: Simulation object protpg_inst/hsv_h was not found in the design.
set_property OUTPUT_VALUE 000 [get_hw_probes protpg_inst/hmin1 -of_objects [get_hw_vios -of_objects [get_hw_devices xc7k325t_0] -filter {CELL_NAME=~"protpg_inst/vio"}]]
commit_hw_vio [get_hw_probes {protpg_inst/hmin1} -of_objects [get_hw_vios -of_objects [get_hw_devices xc7k325t_0] -filter {CELL_NAME=~"protpg_inst/vio"}]]
set_property OUTPUT_VALUE 00F [get_hw_probes protpg_inst/hmax1 -of_objects [get_hw_vios -of_objects [get_hw_devices xc7k325t_0] -filter {CELL_NAME=~"protpg_inst/vio"}]]
commit_hw_vio [get_hw_probes {protpg_inst/hmax1} -of_objects [get_hw_vios -of_objects [get_hw_devices xc7k325t_0] -filter {CELL_NAME=~"protpg_inst/vio"}]]
set_property OUTPUT_VALUE 138 [get_hw_probes protpg_inst/hmin2 -of_objects [get_hw_vios -of_objects [get_hw_devices xc7k325t_0] -filter {CELL_NAME=~"protpg_inst/vio"}]]
commit_hw_vio [get_hw_probes {protpg_inst/hmin2} -of_objects [get_hw_vios -of_objects [get_hw_devices xc7k325t_0] -filter {CELL_NAME=~"protpg_inst/vio"}]]
set_property OUTPUT_VALUE 168 [get_hw_probes protpg_inst/hmax2 -of_objects [get_hw_vios -of_objects [get_hw_devices xc7k325t_0] -filter {CELL_NAME=~"protpg_inst/vio"}]]
commit_hw_vio [get_hw_probes {protpg_inst/hmax2} -of_objects [get_hw_vios -of_objects [get_hw_devices xc7k325t_0] -filter {CELL_NAME=~"protpg_inst/vio"}]]
set_property OUTPUT_VALUE 080 [get_hw_probes protpg_inst/smin -of_objects [get_hw_vios -of_objects [get_hw_devices xc7k325t_0] -filter {CELL_NAME=~"protpg_inst/vio"}]]
commit_hw_vio [get_hw_probes {protpg_inst/smin} -of_objects [get_hw_vios -of_objects [get_hw_devices xc7k325t_0] -filter {CELL_NAME=~"protpg_inst/vio"}]]
set_property OUTPUT_VALUE 0FF [get_hw_probes protpg_inst/smax -of_objects [get_hw_vios -of_objects [get_hw_devices xc7k325t_0] -filter {CELL_NAME=~"protpg_inst/vio"}]]
commit_hw_vio [get_hw_probes {protpg_inst/smax} -of_objects [get_hw_vios -of_objects [get_hw_devices xc7k325t_0] -filter {CELL_NAME=~"protpg_inst/vio"}]]
set_property OUTPUT_VALUE 090 [get_hw_probes protpg_inst/vmin -of_objects [get_hw_vios -of_objects [get_hw_devices xc7k325t_0] -filter {CELL_NAME=~"protpg_inst/vio"}]]
commit_hw_vio [get_hw_probes {protpg_inst/vmin} -of_objects [get_hw_vios -of_objects [get_hw_devices xc7k325t_0] -filter {CELL_NAME=~"protpg_inst/vio"}]]
set_property OUTPUT_VALUE 0FF [get_hw_probes protpg_inst/vmax -of_objects [get_hw_vios -of_objects [get_hw_devices xc7k325t_0] -filter {CELL_NAME=~"protpg_inst/vio"}]]
commit_hw_vio [get_hw_probes {protpg_inst/vmax} -of_objects [get_hw_vios -of_objects [get_hw_devices xc7k325t_0] -filter {CELL_NAME=~"protpg_inst/vio"}]]
set_property OUTPUT_VALUE 0D8 [get_hw_probes protpg_inst/smin -of_objects [get_hw_vios -of_objects [get_hw_devices xc7k325t_0] -filter {CELL_NAME=~"protpg_inst/vio"}]]
commit_hw_vio [get_hw_probes {protpg_inst/smin} -of_objects [get_hw_vios -of_objects [get_hw_devices xc7k325t_0] -filter {CELL_NAME=~"protpg_inst/vio"}]]
set_property OUTPUT_VALUE 002 [get_hw_probes protpg_inst/hmin1 -of_objects [get_hw_vios -of_objects [get_hw_devices xc7k325t_0] -filter {CELL_NAME=~"protpg_inst/vio"}]]
commit_hw_vio [get_hw_probes {protpg_inst/hmin1} -of_objects [get_hw_vios -of_objects [get_hw_devices xc7k325t_0] -filter {CELL_NAME=~"protpg_inst/vio"}]]
set_property OUTPUT_VALUE 00F [get_hw_probes protpg_inst/hmax1 -of_objects [get_hw_vios -of_objects [get_hw_devices xc7k325t_0] -filter {CELL_NAME=~"protpg_inst/vio"}]]
commit_hw_vio [get_hw_probes {protpg_inst/hmax1} -of_objects [get_hw_vios -of_objects [get_hw_devices xc7k325t_0] -filter {CELL_NAME=~"protpg_inst/vio"}]]
set_property OUTPUT_VALUE 158 [get_hw_probes protpg_inst/hmin2 -of_objects [get_hw_vios -of_objects [get_hw_devices xc7k325t_0] -filter {CELL_NAME=~"protpg_inst/vio"}]]
commit_hw_vio [get_hw_probes {protpg_inst/hmin2} -of_objects [get_hw_vios -of_objects [get_hw_devices xc7k325t_0] -filter {CELL_NAME=~"protpg_inst/vio"}]]
set_property OUTPUT_VALUE 165 [get_hw_probes protpg_inst/hmax2 -of_objects [get_hw_vios -of_objects [get_hw_devices xc7k325t_0] -filter {CELL_NAME=~"protpg_inst/vio"}]]
commit_hw_vio [get_hw_probes {protpg_inst/hmax2} -of_objects [get_hw_vios -of_objects [get_hw_devices xc7k325t_0] -filter {CELL_NAME=~"protpg_inst/vio"}]]
set_property OUTPUT_VALUE 00B [get_hw_probes protpg_inst/hmax1 -of_objects [get_hw_vios -of_objects [get_hw_devices xc7k325t_0] -filter {CELL_NAME=~"protpg_inst/vio"}]]
commit_hw_vio [get_hw_probes {protpg_inst/hmax1} -of_objects [get_hw_vios -of_objects [get_hw_devices xc7k325t_0] -filter {CELL_NAME=~"protpg_inst/vio"}]]
set_property OUTPUT_VALUE_RADIX UNSIGNED [get_hw_probes H_mode2 -of_objects [get_hw_vios -of_objects [get_hw_devices xc7k325t_0] -filter {CELL_NAME=~"nolabel_line377"}]]
set_property OUTPUT_VALUE_RADIX UNSIGNED [get_hw_probes L_mode2 -of_objects [get_hw_vios -of_objects [get_hw_devices xc7k325t_0] -filter {CELL_NAME=~"nolabel_line377"}]]
set_property INPUT_VALUE_RADIX UNSIGNED [get_hw_probes H_output -of_objects [get_hw_vios -of_objects [get_hw_devices xc7k325t_0] -filter {CELL_NAME=~"nolabel_line377"}]]
set_property INPUT_VALUE_RADIX UNSIGNED [get_hw_probes L_output -of_objects [get_hw_vios -of_objects [get_hw_devices xc7k325t_0] -filter {CELL_NAME=~"nolabel_line377"}]]
set_property OUTPUT_VALUE 02EE [get_hw_probes h3 -of_objects [get_hw_vios -of_objects [get_hw_devices xc7k325t_0] -filter {CELL_NAME=~"nolabel_line377"}]]
commit_hw_vio [get_hw_probes {h3} -of_objects [get_hw_vios -of_objects [get_hw_devices xc7k325t_0] -filter {CELL_NAME=~"nolabel_line377"}]]
set_property OUTPUT_VALUE 10 [get_hw_probes l1 -of_objects [get_hw_vios -of_objects [get_hw_devices xc7k325t_0] -filter {CELL_NAME=~"nolabel_line377"}]]
commit_hw_vio [get_hw_probes {l1} -of_objects [get_hw_vios -of_objects [get_hw_devices xc7k325t_0] -filter {CELL_NAME=~"nolabel_line377"}]]
set_property OUTPUT_VALUE 60 [get_hw_probes l1 -of_objects [get_hw_vios -of_objects [get_hw_devices xc7k325t_0] -filter {CELL_NAME=~"nolabel_line377"}]]
commit_hw_vio [get_hw_probes {l1} -of_objects [get_hw_vios -of_objects [get_hw_devices xc7k325t_0] -filter {CELL_NAME=~"nolabel_line377"}]]
set_property OUTPUT_VALUE 06 [get_hw_probes l1 -of_objects [get_hw_vios -of_objects [get_hw_devices xc7k325t_0] -filter {CELL_NAME=~"nolabel_line377"}]]
commit_hw_vio [get_hw_probes {l1} -of_objects [get_hw_vios -of_objects [get_hw_devices xc7k325t_0] -filter {CELL_NAME=~"nolabel_line377"}]]
set_property OUTPUT_VALUE 08 [get_hw_probes l1 -of_objects [get_hw_vios -of_objects [get_hw_devices xc7k325t_0] -filter {CELL_NAME=~"nolabel_line377"}]]
commit_hw_vio [get_hw_probes {l1} -of_objects [get_hw_vios -of_objects [get_hw_devices xc7k325t_0] -filter {CELL_NAME=~"nolabel_line377"}]]
set_property OUTPUT_VALUE 0050 [get_hw_probes l4 -of_objects [get_hw_vios -of_objects [get_hw_devices xc7k325t_0] -filter {CELL_NAME=~"nolabel_line377"}]]
commit_hw_vio [get_hw_probes {l4} -of_objects [get_hw_vios -of_objects [get_hw_devices xc7k325t_0] -filter {CELL_NAME=~"nolabel_line377"}]]
set_property OUTPUT_VALUE 0250 [get_hw_probes l4 -of_objects [get_hw_vios -of_objects [get_hw_devices xc7k325t_0] -filter {CELL_NAME=~"nolabel_line377"}]]
commit_hw_vio [get_hw_probes {l4} -of_objects [get_hw_vios -of_objects [get_hw_devices xc7k325t_0] -filter {CELL_NAME=~"nolabel_line377"}]]
set_property OUTPUT_VALUE 0500 [get_hw_probes l4 -of_objects [get_hw_vios -of_objects [get_hw_devices xc7k325t_0] -filter {CELL_NAME=~"nolabel_line377"}]]
commit_hw_vio [get_hw_probes {l4} -of_objects [get_hw_vios -of_objects [get_hw_devices xc7k325t_0] -filter {CELL_NAME=~"nolabel_line377"}]]
set_property OUTPUT_VALUE 0000 [get_hw_probes h3 -of_objects [get_hw_vios -of_objects [get_hw_devices xc7k325t_0] -filter {CELL_NAME=~"nolabel_line377"}]]
commit_hw_vio [get_hw_probes {h3} -of_objects [get_hw_vios -of_objects [get_hw_devices xc7k325t_0] -filter {CELL_NAME=~"nolabel_line377"}]]
set_property OUTPUT_VALUE 02EE [get_hw_probes h3 -of_objects [get_hw_vios -of_objects [get_hw_devices xc7k325t_0] -filter {CELL_NAME=~"nolabel_line377"}]]
commit_hw_vio [get_hw_probes {h3} -of_objects [get_hw_vios -of_objects [get_hw_devices xc7k325t_0] -filter {CELL_NAME=~"nolabel_line377"}]]
set_property OUTPUT_VALUE_RADIX UNSIGNED [get_hw_probes back_pulse_num -of_objects [get_hw_vios -of_objects [get_hw_devices xc7k325t_0] -filter {CELL_NAME=~"nolabel_line377"}]]
set_property OUTPUT_VALUE_RADIX UNSIGNED [get_hw_probes forth_pulse_num -of_objects [get_hw_vios -of_objects [get_hw_devices xc7k325t_0] -filter {CELL_NAME=~"nolabel_line377"}]]
set_property OUTPUT_VALUE 1000 [get_hw_probes back_pulse_num -of_objects [get_hw_vios -of_objects [get_hw_devices xc7k325t_0] -filter {CELL_NAME=~"nolabel_line377"}]]
commit_hw_vio [get_hw_probes {back_pulse_num} -of_objects [get_hw_vios -of_objects [get_hw_devices xc7k325t_0] -filter {CELL_NAME=~"nolabel_line377"}]]
set_property OUTPUT_VALUE 1000 [get_hw_probes forth_pulse_num -of_objects [get_hw_vios -of_objects [get_hw_devices xc7k325t_0] -filter {CELL_NAME=~"nolabel_line377"}]]
commit_hw_vio [get_hw_probes {forth_pulse_num} -of_objects [get_hw_vios -of_objects [get_hw_devices xc7k325t_0] -filter {CELL_NAME=~"nolabel_line377"}]]
set_property OUTPUT_VALUE 06 [get_hw_probes l1 -of_objects [get_hw_vios -of_objects [get_hw_devices xc7k325t_0] -filter {CELL_NAME=~"nolabel_line377"}]]
commit_hw_vio [get_hw_probes {l1} -of_objects [get_hw_vios -of_objects [get_hw_devices xc7k325t_0] -filter {CELL_NAME=~"nolabel_line377"}]]
set_property OUTPUT_VALUE 0000 [get_hw_probes l4 -of_objects [get_hw_vios -of_objects [get_hw_devices xc7k325t_0] -filter {CELL_NAME=~"nolabel_line377"}]]
commit_hw_vio [get_hw_probes {l4} -of_objects [get_hw_vios -of_objects [get_hw_devices xc7k325t_0] -filter {CELL_NAME=~"nolabel_line377"}]]
set_property OUTPUT_VALUE 1000 [get_hw_probes l3 -of_objects [get_hw_vios -of_objects [get_hw_devices xc7k325t_0] -filter {CELL_NAME=~"nolabel_line377"}]]
commit_hw_vio [get_hw_probes {l3} -of_objects [get_hw_vios -of_objects [get_hw_devices xc7k325t_0] -filter {CELL_NAME=~"nolabel_line377"}]]
set_property OUTPUT_VALUE 0800 [get_hw_probes l3 -of_objects [get_hw_vios -of_objects [get_hw_devices xc7k325t_0] -filter {CELL_NAME=~"nolabel_line377"}]]
commit_hw_vio [get_hw_probes {l3} -of_objects [get_hw_vios -of_objects [get_hw_devices xc7k325t_0] -filter {CELL_NAME=~"nolabel_line377"}]]
set_property OUTPUT_VALUE 0900 [get_hw_probes l3 -of_objects [get_hw_vios -of_objects [get_hw_devices xc7k325t_0] -filter {CELL_NAME=~"nolabel_line377"}]]
commit_hw_vio [get_hw_probes {l3} -of_objects [get_hw_vios -of_objects [get_hw_devices xc7k325t_0] -filter {CELL_NAME=~"nolabel_line377"}]]
set_property OUTPUT_VALUE 0950 [get_hw_probes l3 -of_objects [get_hw_vios -of_objects [get_hw_devices xc7k325t_0] -filter {CELL_NAME=~"nolabel_line377"}]]
commit_hw_vio [get_hw_probes {l3} -of_objects [get_hw_vios -of_objects [get_hw_devices xc7k325t_0] -filter {CELL_NAME=~"nolabel_line377"}]]
set_property OUTPUT_VALUE 1000 [get_hw_probes l3 -of_objects [get_hw_vios -of_objects [get_hw_devices xc7k325t_0] -filter {CELL_NAME=~"nolabel_line377"}]]
commit_hw_vio [get_hw_probes {l3} -of_objects [get_hw_vios -of_objects [get_hw_devices xc7k325t_0] -filter {CELL_NAME=~"nolabel_line377"}]]
set_property OUTPUT_VALUE 0980 [get_hw_probes l3 -of_objects [get_hw_vios -of_objects [get_hw_devices xc7k325t_0] -filter {CELL_NAME=~"nolabel_line377"}]]
commit_hw_vio [get_hw_probes {l3} -of_objects [get_hw_vios -of_objects [get_hw_devices xc7k325t_0] -filter {CELL_NAME=~"nolabel_line377"}]]
set_property OUTPUT_VALUE 0990 [get_hw_probes l3 -of_objects [get_hw_vios -of_objects [get_hw_devices xc7k325t_0] -filter {CELL_NAME=~"nolabel_line377"}]]
commit_hw_vio [get_hw_probes {l3} -of_objects [get_hw_vios -of_objects [get_hw_devices xc7k325t_0] -filter {CELL_NAME=~"nolabel_line377"}]]
set_property OUTPUT_VALUE 0995 [get_hw_probes l3 -of_objects [get_hw_vios -of_objects [get_hw_devices xc7k325t_0] -filter {CELL_NAME=~"nolabel_line377"}]]
commit_hw_vio [get_hw_probes {l3} -of_objects [get_hw_vios -of_objects [get_hw_devices xc7k325t_0] -filter {CELL_NAME=~"nolabel_line377"}]]
set_property OUTPUT_VALUE 03EE [get_hw_probes h3 -of_objects [get_hw_vios -of_objects [get_hw_devices xc7k325t_0] -filter {CELL_NAME=~"nolabel_line377"}]]
commit_hw_vio [get_hw_probes {h3} -of_objects [get_hw_vios -of_objects [get_hw_devices xc7k325t_0] -filter {CELL_NAME=~"nolabel_line377"}]]
set_property OUTPUT_VALUE 04EE [get_hw_probes h3 -of_objects [get_hw_vios -of_objects [get_hw_devices xc7k325t_0] -filter {CELL_NAME=~"nolabel_line377"}]]
commit_hw_vio [get_hw_probes {h3} -of_objects [get_hw_vios -of_objects [get_hw_devices xc7k325t_0] -filter {CELL_NAME=~"nolabel_line377"}]]
set_property OUTPUT_VALUE 900 [get_hw_probes back_pulse_num -of_objects [get_hw_vios -of_objects [get_hw_devices xc7k325t_0] -filter {CELL_NAME=~"nolabel_line377"}]]
commit_hw_vio [get_hw_probes {back_pulse_num} -of_objects [get_hw_vios -of_objects [get_hw_devices xc7k325t_0] -filter {CELL_NAME=~"nolabel_line377"}]]
set_property OUTPUT_VALUE 1000 [get_hw_probes back_pulse_num -of_objects [get_hw_vios -of_objects [get_hw_devices xc7k325t_0] -filter {CELL_NAME=~"nolabel_line377"}]]
commit_hw_vio [get_hw_probes {back_pulse_num} -of_objects [get_hw_vios -of_objects [get_hw_devices xc7k325t_0] -filter {CELL_NAME=~"nolabel_line377"}]]
set_property OUTPUT_VALUE 950 [get_hw_probes back_pulse_num -of_objects [get_hw_vios -of_objects [get_hw_devices xc7k325t_0] -filter {CELL_NAME=~"nolabel_line377"}]]
commit_hw_vio [get_hw_probes {back_pulse_num} -of_objects [get_hw_vios -of_objects [get_hw_devices xc7k325t_0] -filter {CELL_NAME=~"nolabel_line377"}]]
ERROR: [Labtoolstcl 44-513] HW Target shutdown. Closing target: localhost:3121/xilinx_tcf/Digilent/210249860360
INFO: [Labtoolstcl 44-466] Opening hw_target localhost:3121/xilinx_tcf/Digilent/210249860360
INFO: [Labtools 27-1435] Device xc7k325t (JTAG device index = 0) is not programmed (DONE status = 0).
WARNING: [Labtoolstcl 44-129] No matching hw_ila_data was found.
set_property PROBES.FILE {D:/FPGA_learn/FPGA_match/img_camera_ov5640_720p_cute/mig_ddr.runs/impl_1/img_3buf_ov5640.ltx} [get_hw_devices xc7k325t_0]
set_property FULL_PROBES.FILE {D:/FPGA_learn/FPGA_match/img_camera_ov5640_720p_cute/mig_ddr.runs/impl_1/img_3buf_ov5640.ltx} [get_hw_devices xc7k325t_0]
set_property PROGRAM.FILE {D:/FPGA_learn/FPGA_match/img_camera_ov5640_720p_cute/mig_ddr.runs/impl_1/img_3buf_ov5640.bit} [get_hw_devices xc7k325t_0]
program_hw_devices [get_hw_devices xc7k325t_0]
INFO: [Labtools 27-3164] End of startup status: HIGH
refresh_hw_device [lindex [get_hw_devices xc7k325t_0] 0]
INFO: [Labtools 27-2302] Device xc7k325t (JTAG device index = 0) is programmed with a design that has 3 ILA core(s).
INFO: [Labtools 27-2302] Device xc7k325t (JTAG device index = 0) is programmed with a design that has 4 VIO core(s).
WARNING: [Labtools 27-1952] VIO hw_probe OUTPUT_VALUE properties for hw_vio(s) [hw_vio_3 hw_vio_4] differ from output values in the VIO core(s).
Resolution: 
To synchronize the hw_probes properties and the VIO core outputs choose one of the following alternatives:
  1) Execute the command 'Commit Output Values to VIO Core', to write down the hw_probe values to the core.
  2) Execute the command 'Refresh Input and Output Values from VIO Core', to update the hw_probe properties with the core values.
  3) First restore initial values in the core with the command 'Reset VIO Core Outputs', and then execute the command 'Refresh Input and Output Values from VIO Core'.
refresh_hw_device: Time (s): cpu = 00:00:11 ; elapsed = 00:00:08 . Memory (MB): peak = 2778.391 ; gain = 0.000
display_hw_ila_data [ get_hw_ila_data hw_ila_data_1 -of_objects [get_hw_ilas -of_objects [get_hw_devices xc7k325t_0] -filter {CELL_NAME=~"MONITOR_INST/ila666"}]]
display_hw_ila_data [ get_hw_ila_data hw_ila_data_2 -of_objects [get_hw_ilas -of_objects [get_hw_devices xc7k325t_0] -filter {CELL_NAME=~"protpg_inst/ila223"}]]
display_hw_ila_data [ get_hw_ila_data hw_ila_data_3 -of_objects [get_hw_ilas -of_objects [get_hw_devices xc7k325t_0] -filter {CELL_NAME=~"uitpg_inst/ila123"}]]
WARNING: Simulation object protpg_inst/data_in was not found in the design.
WARNING: Simulation object protpg_inst/hsv_v was not found in the design.
WARNING: Simulation object protpg_inst/hsv_s was not found in the design.
WARNING: Simulation object protpg_inst/hsv_h was not found in the design.
ERROR: [Labtoolstcl 44-513] HW Target shutdown. Closing target: localhost:3121/xilinx_tcf/Digilent/210249860360
