#-----------------------------------------------------------
# Vivado v2017.4 (64-bit)
# SW Build 2086221 on Fri Dec 15 20:55:39 MST 2017
# IP Build 2085800 on Fri Dec 15 22:25:07 MST 2017
# Start of session at: Tue Mar 23 19:57:02 2021
# Process ID: 10168
# Current directory: C:/Users/dell/Desktop/ggd/fpga/ZYNQ7035/key_ip/KEY_IP
# Command line: vivado.exe -gui_launcher_event rodinguilauncherevent14924 C:\Users\dell\Desktop\ggd\fpga\ZYNQ7035\key_ip\KEY_IP\KEY_IP.xpr
# Log file: C:/Users/dell/Desktop/ggd/fpga/ZYNQ7035/key_ip/KEY_IP/vivado.log
# Journal file: C:/Users/dell/Desktop/ggd/fpga/ZYNQ7035/key_ip/KEY_IP\vivado.jou
#-----------------------------------------------------------
start_gui
open_project C:/Users/dell/Desktop/ggd/fpga/ZYNQ7035/key_ip/KEY_IP/KEY_IP.xpr
Scanning sources...
Finished scanning sources
INFO: [IP_Flow 19-234] Refreshing IP repositories
INFO: [IP_Flow 19-1700] Loaded user IP repository 'c:/Users/dell/Desktop/ggd/fpga/ZYNQ7035/key_ip/KEY_IP/KEY_IP.srcs/sources_1/new'.
INFO: [IP_Flow 19-2313] Loaded Vivado IP repository 'F:/Xilinx/Vivado/2017.4/data/ip'.
update_compile_order -fileset sources_1
exit
INFO: [Common 17-206] Exiting Vivado at Tue Mar 23 20:16:12 2021...
